{"/Users/weipingli8910/code/playgrounds/k8s-file-upload-lab/application/backend/server.js": {"path":"/Users/weipingli8910/code/playgrounds/k8s-file-upload-lab/application/backend/server.js","statementMap":{"0":{"start":{"line":1,"column":16},"end":{"line":1,"column":34}},"1":{"start":{"line":2,"column":15},"end":{"line":2,"column":32}},"2":{"start":{"line":3,"column":12},"end":{"line":3,"column":30}},"3":{"start":{"line":4,"column":13},"end":{"line":4,"column":28}},"4":{"start":{"line":5,"column":19},"end":{"line":5,"column":41}},"5":{"start":{"line":7,"column":12},"end":{"line":7,"column":21}},"6":{"start":{"line":8,"column":13},"end":{"line":8,"column":37}},"7":{"start":{"line":9,"column":17},"end":{"line":9,"column":59}},"8":{"start":{"line":10,"column":18},"end":{"line":10,"column":55}},"9":{"start":{"line":13,"column":0},"end":{"line":13,"column":41}},"10":{"start":{"line":14,"column":11},"end":{"line":14,"column":23}},"11":{"start":{"line":17,"column":15},"end":{"line":22,"column":2}},"12":{"start":{"line":25,"column":17},"end":{"line":25,"column":42}},"13":{"start":{"line":26,"column":0},"end":{"line":26,"column":47}},"14":{"start":{"line":28,"column":28},"end":{"line":33,"column":2}},"15":{"start":{"line":35,"column":25},"end":{"line":39,"column":2}},"16":{"start":{"line":41,"column":24},"end":{"line":45,"column":2}},"17":{"start":{"line":47,"column":23},"end":{"line":51,"column":2}},"18":{"start":{"line":53,"column":0},"end":{"line":53,"column":45}},"19":{"start":{"line":54,"column":0},"end":{"line":54,"column":42}},"20":{"start":{"line":55,"column":0},"end":{"line":55,"column":41}},"21":{"start":{"line":56,"column":0},"end":{"line":56,"column":40}},"22":{"start":{"line":59,"column":0},"end":{"line":59,"column":16}},"23":{"start":{"line":60,"column":0},"end":{"line":60,"column":24}},"24":{"start":{"line":63,"column":0},"end":{"line":83,"column":3}},"25":{"start":{"line":64,"column":16},"end":{"line":64,"column":26}},"26":{"start":{"line":66,"column":2},"end":{"line":80,"column":5}},"27":{"start":{"line":67,"column":21},"end":{"line":67,"column":48}},"28":{"start":{"line":68,"column":18},"end":{"line":68,"column":55}},"29":{"start":{"line":70,"column":4},"end":{"line":73,"column":6}},"30":{"start":{"line":75,"column":4},"end":{"line":79,"column":7}},"31":{"start":{"line":82,"column":2},"end":{"line":82,"column":9}},"32":{"start":{"line":86,"column":0},"end":{"line":88,"column":3}},"33":{"start":{"line":87,"column":2},"end":{"line":87,"column":83}},"34":{"start":{"line":91,"column":0},"end":{"line":99,"column":3}},"35":{"start":{"line":92,"column":2},"end":{"line":98,"column":3}},"36":{"start":{"line":94,"column":4},"end":{"line":94,"column":56}},"37":{"start":{"line":95,"column":4},"end":{"line":95,"column":83}},"38":{"start":{"line":97,"column":4},"end":{"line":97,"column":72}},"39":{"start":{"line":102,"column":0},"end":{"line":105,"column":3}},"40":{"start":{"line":103,"column":2},"end":{"line":103,"column":48}},"41":{"start":{"line":104,"column":2},"end":{"line":104,"column":36}},"42":{"start":{"line":108,"column":0},"end":{"line":144,"column":3}},"43":{"start":{"line":109,"column":2},"end":{"line":111,"column":3}},"44":{"start":{"line":110,"column":4},"end":{"line":110,"column":63}},"45":{"start":{"line":113,"column":15},"end":{"line":113,"column":23}},"46":{"start":{"line":114,"column":19},"end":{"line":114,"column":55}},"47":{"start":{"line":116,"column":2},"end":{"line":143,"column":3}},"48":{"start":{"line":117,"column":19},"end":{"line":126,"column":5}},"49":{"start":{"line":128,"column":4},"end":{"line":128,"column":41}},"50":{"start":{"line":130,"column":4},"end":{"line":130,"column":47}},"51":{"start":{"line":131,"column":4},"end":{"line":131,"column":38}},"52":{"start":{"line":133,"column":4},"end":{"line":138,"column":7}},"53":{"start":{"line":140,"column":4},"end":{"line":140,"column":42}},"54":{"start":{"line":141,"column":4},"end":{"line":141,"column":45}},"55":{"start":{"line":142,"column":4},"end":{"line":142,"column":85}},"56":{"start":{"line":147,"column":0},"end":{"line":168,"column":3}},"57":{"start":{"line":148,"column":2},"end":{"line":167,"column":3}},"58":{"start":{"line":149,"column":19},"end":{"line":152,"column":5}},"59":{"start":{"line":154,"column":17},"end":{"line":154,"column":57}},"60":{"start":{"line":156,"column":18},"end":{"line":161,"column":7}},"61":{"start":{"line":156,"column":53},"end":{"line":161,"column":5}},"62":{"start":{"line":163,"column":4},"end":{"line":163,"column":57}},"63":{"start":{"line":165,"column":4},"end":{"line":165,"column":46}},"64":{"start":{"line":166,"column":4},"end":{"line":166,"column":84}},"65":{"start":{"line":171,"column":0},"end":{"line":188,"column":3}},"66":{"start":{"line":172,"column":2},"end":{"line":187,"column":3}},"67":{"start":{"line":173,"column":19},"end":{"line":176,"column":5}},"68":{"start":{"line":178,"column":16},"end":{"line":181,"column":6}},"69":{"start":{"line":183,"column":4},"end":{"line":183,"column":34}},"70":{"start":{"line":185,"column":4},"end":{"line":185,"column":44}},"71":{"start":{"line":186,"column":4},"end":{"line":186,"column":82}},"72":{"start":{"line":191,"column":0},"end":{"line":204,"column":3}},"73":{"start":{"line":192,"column":2},"end":{"line":203,"column":3}},"74":{"start":{"line":193,"column":19},"end":{"line":196,"column":5}},"75":{"start":{"line":198,"column":4},"end":{"line":198,"column":44}},"76":{"start":{"line":199,"column":4},"end":{"line":199,"column":67}},"77":{"start":{"line":201,"column":4},"end":{"line":201,"column":47}},"78":{"start":{"line":202,"column":4},"end":{"line":202,"column":85}},"79":{"start":{"line":207,"column":0},"end":{"line":211,"column":3}},"80":{"start":{"line":208,"column":2},"end":{"line":208,"column":63}},"81":{"start":{"line":209,"column":2},"end":{"line":209,"column":40}},"82":{"start":{"line":210,"column":2},"end":{"line":210,"column":42}}},"fnMap":{"0":{"name":"(anonymous_0)","decl":{"start":{"line":63,"column":8},"end":{"line":63,"column":9}},"loc":{"start":{"line":63,"column":28},"end":{"line":83,"column":1}},"line":63},"1":{"name":"(anonymous_1)","decl":{"start":{"line":66,"column":19},"end":{"line":66,"column":20}},"loc":{"start":{"line":66,"column":25},"end":{"line":80,"column":3}},"line":66},"2":{"name":"(anonymous_2)","decl":{"start":{"line":86,"column":19},"end":{"line":86,"column":20}},"loc":{"start":{"line":86,"column":33},"end":{"line":88,"column":1}},"line":86},"3":{"name":"(anonymous_3)","decl":{"start":{"line":91,"column":18},"end":{"line":91,"column":19}},"loc":{"start":{"line":91,"column":38},"end":{"line":99,"column":1}},"line":91},"4":{"name":"(anonymous_4)","decl":{"start":{"line":102,"column":20},"end":{"line":102,"column":21}},"loc":{"start":{"line":102,"column":40},"end":{"line":105,"column":1}},"line":102},"5":{"name":"(anonymous_5)","decl":{"start":{"line":108,"column":47},"end":{"line":108,"column":48}},"loc":{"start":{"line":108,"column":67},"end":{"line":144,"column":1}},"line":108},"6":{"name":"(anonymous_6)","decl":{"start":{"line":147,"column":22},"end":{"line":147,"column":23}},"loc":{"start":{"line":147,"column":42},"end":{"line":168,"column":1}},"line":147},"7":{"name":"(anonymous_7)","decl":{"start":{"line":156,"column":44},"end":{"line":156,"column":45}},"loc":{"start":{"line":156,"column":53},"end":{"line":161,"column":5}},"line":156},"8":{"name":"(anonymous_8)","decl":{"start":{"line":171,"column":27},"end":{"line":171,"column":28}},"loc":{"start":{"line":171,"column":47},"end":{"line":188,"column":1}},"line":171},"9":{"name":"(anonymous_9)","decl":{"start":{"line":191,"column":30},"end":{"line":191,"column":31}},"loc":{"start":{"line":191,"column":50},"end":{"line":204,"column":1}},"line":191},"10":{"name":"(anonymous_10)","decl":{"start":{"line":207,"column":28},"end":{"line":207,"column":29}},"loc":{"start":{"line":207,"column":34},"end":{"line":211,"column":1}},"line":207}},"branchMap":{"0":{"loc":{"start":{"line":8,"column":13},"end":{"line":8,"column":37}},"type":"binary-expr","locations":[{"start":{"line":8,"column":13},"end":{"line":8,"column":29}},{"start":{"line":8,"column":33},"end":{"line":8,"column":37}}],"line":8},"1":{"loc":{"start":{"line":9,"column":17},"end":{"line":9,"column":59}},"type":"binary-expr","locations":[{"start":{"line":9,"column":17},"end":{"line":9,"column":38}},{"start":{"line":9,"column":42},"end":{"line":9,"column":59}}],"line":9},"2":{"loc":{"start":{"line":10,"column":18},"end":{"line":10,"column":55}},"type":"binary-expr","locations":[{"start":{"line":10,"column":18},"end":{"line":10,"column":40}},{"start":{"line":10,"column":44},"end":{"line":10,"column":55}}],"line":10},"3":{"loc":{"start":{"line":68,"column":18},"end":{"line":68,"column":55}},"type":"cond-expr","locations":[{"start":{"line":68,"column":30},"end":{"line":68,"column":44}},{"start":{"line":68,"column":47},"end":{"line":68,"column":55}}],"line":68},"4":{"loc":{"start":{"line":109,"column":2},"end":{"line":111,"column":3}},"type":"if","locations":[{"start":{"line":109,"column":2},"end":{"line":111,"column":3}},{"start":{},"end":{}}],"line":109},"5":{"loc":{"start":{"line":156,"column":19},"end":{"line":156,"column":38}},"type":"binary-expr","locations":[{"start":{"line":156,"column":19},"end":{"line":156,"column":32}},{"start":{"line":156,"column":36},"end":{"line":156,"column":38}}],"line":156}},"s":{"0":0,"1":0,"2":0,"3":0,"4":0,"5":0,"6":0,"7":0,"8":0,"9":0,"10":0,"11":0,"12":0,"13":0,"14":0,"15":0,"16":0,"17":0,"18":0,"19":0,"20":0,"21":0,"22":0,"23":0,"24":0,"25":0,"26":0,"27":0,"28":0,"29":0,"30":0,"31":0,"32":0,"33":0,"34":0,"35":0,"36":0,"37":0,"38":0,"39":0,"40":0,"41":0,"42":0,"43":0,"44":0,"45":0,"46":0,"47":0,"48":0,"49":0,"50":0,"51":0,"52":0,"53":0,"54":0,"55":0,"56":0,"57":0,"58":0,"59":0,"60":0,"61":0,"62":0,"63":0,"64":0,"65":0,"66":0,"67":0,"68":0,"69":0,"70":0,"71":0,"72":0,"73":0,"74":0,"75":0,"76":0,"77":0,"78":0,"79":0,"80":0,"81":0,"82":0},"f":{"0":0,"1":0,"2":0,"3":0,"4":0,"5":0,"6":0,"7":0,"8":0,"9":0,"10":0},"b":{"0":[0,0],"1":[0,0],"2":[0,0],"3":[0,0],"4":[0,0],"5":[0,0]}}
}
